<?xml version="1.0" encoding="UTF-8"?>
<!-- Generated by org.testng.reporters.JUnitReportReporter -->
<testsuite hostname="VEDANT" failures="0" tests="3" name="vedant.test.Testing" time="42.537" errors="0" timestamp="2024-10-14T12:38:09 IST" skipped="0">
  <testcase classname="vedant.test.Testing" name="standAloneTest" time="14.004"/>
  <testcase classname="vedant.test.Testing" name="standAloneTest" time="18.556"/>
  <testcase classname="vedant.test.Testing" name="productsDeletion" time="9.977"/>
</testsuite> <!-- vedant.test.Testing -->
