<?xml version="1.0" encoding="UTF-8"?>
<!-- Generated by org.testng.reporters.JUnitReportReporter -->
<testsuite hostname="VEDANT" failures="0" tests="1" name="cucumber.TestNGTestRunner" time="4.339" errors="0" timestamp="2024-07-31T20:38:55 IST" skipped="0">
  <testcase classname="cucumber.TestNGTestRunner" name="runScenario" time="4.339"/>
</testsuite> <!-- cucumber.TestNGTestRunner -->
