<?xml version="1.0" encoding="UTF-8"?>
<!-- Generated by org.testng.reporters.JUnitReportReporter -->
<testsuite hostname="VEDANT" failures="0" tests="1" name="vedant.test.Validations" time="8.128" errors="0" timestamp="2024-10-14T12:38:09 IST" skipped="0">
  <testcase classname="vedant.test.Validations" name="errorValidation" time="8.128"/>
</testsuite> <!-- vedant.test.Validations -->
